2020-09-01 14:55:15,812-DEBUG-Starting new HTTP connection (1): exoplanetarchive.ipac.caltech.edu:80
2020-09-01 14:55:16,159-DEBUG-http://exoplanetarchive.ipac.caltech.edu:80 "GET / HTTP/1.1" 302 226
2020-09-01 14:55:16,164-DEBUG-Starting new HTTPS connection (1): exoplanetarchive.ipac.caltech.edu:443
2020-09-01 14:55:16,875-DEBUG-https://exoplanetarchive.ipac.caltech.edu:443 "GET / HTTP/1.1" 200 None
2020-09-01 14:55:19,032-INFO-succesfully ran function:pickled_items
2020-09-01 14:55:19,032-INFO-succesfully ran function:Etc_calculator_Texp
2020-09-01 14:55:19,032-INFO-succesfully ran function:Etc_calculator_SN
2020-09-01 14:55:19,033-INFO-succesfully ran function:calculate_SN_ratio
2020-09-01 14:55:19,033-INFO-succesfully ran function:extract_out_data
2020-09-01 14:55:19,033-INFO-succesfully ran function:airmass_moon_sep_obj_altaz
2020-09-01 14:55:19,033-INFO-succesfully ran function:pickle_dumper_objects
2020-09-01 14:55:19,033-INFO-succesfully ran function:SN_Transit_Observation_Optimization
2020-09-01 14:55:19,033-INFO-succesfully ran function:data_sorting_and_storing
2020-09-01 14:55:19,033-INFO-succesfully ran function:plotting_transit_data
2020-09-01 14:55:19,067-INFO-succesfully ran function:__init__
2020-09-01 14:55:19,067-INFO-succesfully ran function:Planet_finder
2020-09-01 14:55:19,067-INFO-succesfully ran function:hasproperties
2020-09-01 14:55:19,067-INFO-succesfully ran function:__init__
2020-09-01 14:55:19,067-INFO-succesfully ran function:Calculate_nights_paranal
2020-09-01 14:55:19,067-INFO-succesfully ran function:__init__
2020-09-01 14:55:19,067-INFO-succesfully ran function:Observability
2020-09-01 14:55:19,067-INFO-succesfully ran function:load_Eclipses_from_file
2020-09-01 14:55:19,067-INFO-succesfully ran function:__init__
2020-09-01 14:56:36,195-DEBUG-Starting new HTTP connection (1): exoplanetarchive.ipac.caltech.edu:80
2020-09-01 14:56:36,549-DEBUG-http://exoplanetarchive.ipac.caltech.edu:80 "GET / HTTP/1.1" 302 226
2020-09-01 14:56:36,554-DEBUG-Starting new HTTPS connection (1): exoplanetarchive.ipac.caltech.edu:443
2020-09-01 14:56:37,284-DEBUG-https://exoplanetarchive.ipac.caltech.edu:443 "GET / HTTP/1.1" 200 None
2020-09-01 14:56:37,649-INFO-succesfully ran function:pickled_items
2020-09-01 14:56:37,649-INFO-succesfully ran function:Etc_calculator_Texp
2020-09-01 14:56:37,649-INFO-succesfully ran function:Etc_calculator_SN
2020-09-01 14:56:37,649-INFO-succesfully ran function:calculate_SN_ratio
2020-09-01 14:56:37,649-INFO-succesfully ran function:extract_out_data
2020-09-01 14:56:37,649-INFO-succesfully ran function:airmass_moon_sep_obj_altaz
2020-09-01 14:56:37,649-INFO-succesfully ran function:pickle_dumper_objects
2020-09-01 14:56:37,649-INFO-succesfully ran function:SN_Transit_Observation_Optimization
2020-09-01 14:56:37,649-INFO-succesfully ran function:data_sorting_and_storing
2020-09-01 14:56:37,649-INFO-succesfully ran function:plotting_transit_data
2020-09-01 14:56:37,650-INFO-succesfully ran function:__init__
2020-09-01 14:56:37,651-INFO-succesfully ran function:Planet_finder
2020-09-01 14:56:37,651-INFO-succesfully ran function:hasproperties
2020-09-01 14:56:37,651-INFO-succesfully ran function:__init__
2020-09-01 14:56:37,651-INFO-succesfully ran function:Calculate_nights_paranal
2020-09-01 14:56:37,651-INFO-succesfully ran function:__init__
2020-09-01 14:56:37,651-INFO-succesfully ran function:Observability
2020-09-01 14:56:37,651-INFO-succesfully ran function:load_Eclipses_from_file
2020-09-01 14:56:37,651-INFO-succesfully ran function:__init__
2020-09-01 14:59:35,361-DEBUG-Starting new HTTP connection (1): exoplanetarchive.ipac.caltech.edu:80
2020-09-01 14:59:35,754-DEBUG-http://exoplanetarchive.ipac.caltech.edu:80 "GET / HTTP/1.1" 302 226
2020-09-01 14:59:35,759-DEBUG-Starting new HTTPS connection (1): exoplanetarchive.ipac.caltech.edu:443
2020-09-01 14:59:36,462-DEBUG-https://exoplanetarchive.ipac.caltech.edu:443 "GET / HTTP/1.1" 200 None
2020-09-01 14:59:36,812-INFO-succesfully ran function:pickled_items
2020-09-01 14:59:36,812-INFO-succesfully ran function:Etc_calculator_Texp
2020-09-01 14:59:36,813-INFO-succesfully ran function:Etc_calculator_SN
2020-09-01 14:59:36,813-INFO-succesfully ran function:calculate_SN_ratio
2020-09-01 14:59:36,813-INFO-succesfully ran function:extract_out_data
2020-09-01 14:59:36,813-INFO-succesfully ran function:airmass_moon_sep_obj_altaz
2020-09-01 14:59:36,813-INFO-succesfully ran function:pickle_dumper_objects
2020-09-01 14:59:36,813-INFO-succesfully ran function:SN_Transit_Observation_Optimization
2020-09-01 14:59:36,813-INFO-succesfully ran function:data_sorting_and_storing
2020-09-01 14:59:36,813-INFO-succesfully ran function:plotting_transit_data
2020-09-01 14:59:36,814-INFO-succesfully ran function:__init__
2020-09-01 14:59:36,814-INFO-succesfully ran function:Planet_finder
2020-09-01 14:59:36,814-INFO-succesfully ran function:hasproperties
2020-09-01 14:59:36,814-INFO-succesfully ran function:__init__
2020-09-01 14:59:36,814-INFO-succesfully ran function:Calculate_nights_paranal
2020-09-01 14:59:36,814-INFO-succesfully ran function:__init__
2020-09-01 14:59:36,815-INFO-succesfully ran function:Observability
2020-09-01 14:59:36,815-INFO-succesfully ran function:load_Eclipses_from_file
2020-09-01 14:59:36,815-INFO-succesfully ran function:__init__
